[NbConvertApp] Converting notebook __notebook__.ipynb to notebook

[NbConvertApp] Executing notebook with kernel: python3

2019-05-05 19:18:13.517167: I tensorflow/core/platform/profile_utils/cpu_utils.cc:94] CPU Frequency: 2200000000 Hz

2019-05-05 19:18:13.517536: I tensorflow/compiler/xla/service/service.cc:150] XLA service 0x56423589d840 executing computations on platform Host. Devices:
2019-05-05 19:18:13.517619: I tensorflow/compiler/xla/service/service.cc:158]   StreamExecutor device (0): <undefined>, <undefined>

2019-05-05 19:18:13.699179: I tensorflow/stream_executor/cuda/cuda_gpu_executor.cc:998] successful NUMA node read from SysFS had negative value (-1), but there must be at least one NUMA node, so returning NUMA node zero

2019-05-05 19:18:13.702345: I tensorflow/compiler/xla/service/service.cc:150] XLA service 0x564232959350 executing computations on platform CUDA. Devices:
2019-05-05 19:18:13.702398: I tensorflow/compiler/xla/service/service.cc:158]   StreamExecutor device (0): Tesla P100-PCIE-16GB, Compute Capability 6.0

2019-05-05 19:18:13.703048: I tensorflow/core/common_runtime/gpu/gpu_device.cc:1433] Found device 0 with properties: 
name: Tesla P100-PCIE-16GB major: 6 minor: 0 memoryClockRate(GHz): 1.3285
pciBusID: 0000:00:04.0
totalMemory: 15.90GiB freeMemory: 15.61GiB

2019-05-05 19:18:13.704393: I tensorflow/core/common_runtime/gpu/gpu_device.cc:1512] Adding visible gpu devices: 0

2019-05-05 19:18:14.427761: I tensorflow/core/common_runtime/gpu/gpu_device.cc:984] Device interconnect StreamExecutor with strength 1 edge matrix:
2019-05-05 19:18:14.427835: I tensorflow/core/common_runtime/gpu/gpu_device.cc:990]      0 
2019-05-05 19:18:14.427847: I tensorflow/core/common_runtime/gpu/gpu_device.cc:1003] 0:   N 

2019-05-05 19:18:14.428279: I tensorflow/core/common_runtime/gpu/gpu_device.cc:1115] Created TensorFlow device (/job:localhost/replica:0/task:0/device:GPU:0 with 15121 MB memory) -> physical GPU (device: 0, name: Tesla P100-PCIE-16GB, pci bus id: 0000:00:04.0, compute capability: 6.0)

[NbConvertApp] WARNING | Timeout waiting for IOPub output

[NbConvertApp] Writing 134846 bytes to __notebook__.ipynb

[NbConvertApp] Converting notebook __notebook__.ipynb to html

[NbConvertApp] Support files will be in __results___files/
[NbConvertApp] Making directory __results___files

[NbConvertApp] Making directory __results___files
[NbConvertApp] Making directory __results___files
[NbConvertApp] Making directory __results___files
[NbConvertApp] Making directory __results___files
[NbConvertApp] Writing 325679 bytes to __results__.html
